nohup: ignoring input
Downloading shards:   0%|          | 0/2 [00:00<?, ?it/s]Downloading shards:  50%|█████     | 1/2 [01:43<01:43, 103.66s/it]Downloading shards: 100%|██████████| 2/2 [02:34<00:00, 72.56s/it] Downloading shards: 100%|██████████| 2/2 [02:34<00:00, 77.23s/it]
Loading checkpoint shards:   0%|          | 0/2 [00:00<?, ?it/s]Loading checkpoint shards:  50%|█████     | 1/2 [00:00<00:00,  4.22it/s]Loading checkpoint shards: 100%|██████████| 2/2 [00:00<00:00,  5.92it/s]Loading checkpoint shards: 100%|██████████| 2/2 [00:00<00:00,  5.58it/s]
Se han procesado 100 imágenes nuevas...
Se han procesado 200 imágenes nuevas...
Se han procesado 300 imágenes nuevas...
Se han procesado 400 imágenes nuevas...
Se han procesado 500 imágenes nuevas...
Se han procesado 600 imágenes nuevas...
Se han procesado 700 imágenes nuevas...
Se han procesado 800 imágenes nuevas...
Se han procesado 900 imágenes nuevas...
Se han procesado 1000 imágenes nuevas...
Se han procesado 1100 imágenes nuevas...
Se han procesado 1200 imágenes nuevas...
Se han procesado 1300 imágenes nuevas...
Se han procesado 1400 imágenes nuevas...
Se han procesado 1500 imágenes nuevas...
Se han procesado 1600 imágenes nuevas...
Se han procesado 1700 imágenes nuevas...
Se han procesado 1800 imágenes nuevas...
Se han procesado 1900 imágenes nuevas...
Se han procesado 2000 imágenes nuevas...
Guardado parcial en data_blip2SDXL.csv
Se han procesado 2100 imágenes nuevas...
Se han procesado 2200 imágenes nuevas...
Se han procesado 2300 imágenes nuevas...
Se han procesado 2400 imágenes nuevas...
Se han procesado 2500 imágenes nuevas...
Se han procesado 2600 imágenes nuevas...
Se han procesado 2700 imágenes nuevas...
Se han procesado 2800 imágenes nuevas...
Se han procesado 2900 imágenes nuevas...
Se han procesado 3000 imágenes nuevas...
Se han procesado 3100 imágenes nuevas...
Se han procesado 3200 imágenes nuevas...
Se han procesado 3300 imágenes nuevas...
Se han procesado 3400 imágenes nuevas...
Se han procesado 3500 imágenes nuevas...
Se han procesado 3600 imágenes nuevas...
Se han procesado 3700 imágenes nuevas...
Se han procesado 3800 imágenes nuevas...
Se han procesado 3900 imágenes nuevas...
Se han procesado 4000 imágenes nuevas...
Guardado parcial en data_blip2SDXL.csv
Se han procesado 4100 imágenes nuevas...
Se han procesado 4200 imágenes nuevas...
Se han procesado 4300 imágenes nuevas...
Se han procesado 4400 imágenes nuevas...
Se han procesado 4500 imágenes nuevas...
Se han procesado 4600 imágenes nuevas...
Se han procesado 4700 imágenes nuevas...
Se han procesado 4800 imágenes nuevas...
Se han procesado 4900 imágenes nuevas...
Se han procesado 5000 imágenes nuevas...
Se han procesado 5100 imágenes nuevas...
Se han procesado 5200 imágenes nuevas...
Se han procesado 5300 imágenes nuevas...
Se han procesado 5400 imágenes nuevas...
Se han procesado 5500 imágenes nuevas...
Se han procesado 5600 imágenes nuevas...
Se han procesado 5700 imágenes nuevas...
Se han procesado 5800 imágenes nuevas...
Se han procesado 5900 imágenes nuevas...
Se han procesado 6000 imágenes nuevas...
Guardado parcial en data_blip2SDXL.csv
Se han procesado 6100 imágenes nuevas...
Se han procesado 6200 imágenes nuevas...
Se han procesado 6300 imágenes nuevas...
Se han procesado 6400 imágenes nuevas...
Se han procesado 6500 imágenes nuevas...
Se han procesado 6600 imágenes nuevas...
Se han procesado 6700 imágenes nuevas...
Se han procesado 6800 imágenes nuevas...
Se han procesado 6900 imágenes nuevas...
Se han procesado 7000 imágenes nuevas...
Se han procesado 7100 imágenes nuevas...
Se han procesado 7200 imágenes nuevas...
Se han procesado 7300 imágenes nuevas...
Se han procesado 7400 imágenes nuevas...
Se han procesado 7500 imágenes nuevas...
Se han procesado 7600 imágenes nuevas...
Se han procesado 7700 imágenes nuevas...
Se han procesado 7800 imágenes nuevas...
Se han procesado 7900 imágenes nuevas...
Se han procesado 8000 imágenes nuevas...
Guardado parcial en data_blip2SDXL.csv
Se han procesado 8100 imágenes nuevas...
Se han procesado 8200 imágenes nuevas...
Se han procesado 8300 imágenes nuevas...
Se han procesado 8400 imágenes nuevas...
Se han procesado 8500 imágenes nuevas...
Se han procesado 8600 imágenes nuevas...
Se han procesado 8700 imágenes nuevas...
Se han procesado 8800 imágenes nuevas...
Se han procesado 8900 imágenes nuevas...
Se han procesado 9000 imágenes nuevas...
Se han procesado 9100 imágenes nuevas...
Se han procesado 9200 imágenes nuevas...
Se han procesado 9300 imágenes nuevas...
Se han procesado 9400 imágenes nuevas...
Se han procesado 9500 imágenes nuevas...
Se han procesado 9600 imágenes nuevas...
Se han procesado 9700 imágenes nuevas...
Se han procesado 9800 imágenes nuevas...
Se han procesado 9900 imágenes nuevas...
Se han procesado 10000 imágenes nuevas...
Guardado parcial en data_blip2SDXL.csv
Se han procesado 10100 imágenes nuevas...
Se han procesado 10200 imágenes nuevas...
Se han procesado 10300 imágenes nuevas...
Se han procesado 10400 imágenes nuevas...
Se han procesado 10500 imágenes nuevas...
Se han procesado 10600 imágenes nuevas...
Se han procesado 10700 imágenes nuevas...
Se han procesado 10800 imágenes nuevas...
Se han procesado 10900 imágenes nuevas...
Se han procesado 11000 imágenes nuevas...
Se han procesado 11100 imágenes nuevas...
Se han procesado 11200 imágenes nuevas...
Se han procesado 11300 imágenes nuevas...
Se han procesado 11400 imágenes nuevas...
Se han procesado 11500 imágenes nuevas...
Se han procesado 11600 imágenes nuevas...
Se han procesado 11700 imágenes nuevas...
Se han procesado 11800 imágenes nuevas...
Se han procesado 11900 imágenes nuevas...
Se han procesado 12000 imágenes nuevas...
Guardado parcial en data_blip2SDXL.csv
Se han procesado 12100 imágenes nuevas...
Se han procesado 12200 imágenes nuevas...
Se han procesado 12300 imágenes nuevas...
Se han procesado 12400 imágenes nuevas...
Se han procesado 12500 imágenes nuevas...
Se han procesado 12600 imágenes nuevas...
Se han procesado 12700 imágenes nuevas...
Se han procesado 12800 imágenes nuevas...
Se han procesado 12900 imágenes nuevas...
Se han procesado 13000 imágenes nuevas...
Se han procesado 13100 imágenes nuevas...
Se han procesado 13200 imágenes nuevas...
Se han procesado 13300 imágenes nuevas...
Se han procesado 13400 imágenes nuevas...
Se han procesado 13500 imágenes nuevas...
Se han procesado 13600 imágenes nuevas...
Se han procesado 13700 imágenes nuevas...
Se han procesado 13800 imágenes nuevas...
Se han procesado 13900 imágenes nuevas...
Se han procesado 14000 imágenes nuevas...
Guardado parcial en data_blip2SDXL.csv
Se han procesado 14100 imágenes nuevas...
Se han procesado 14200 imágenes nuevas...
Se han procesado 14300 imágenes nuevas...
Se han procesado 14400 imágenes nuevas...
Se han procesado 14500 imágenes nuevas...
Se han procesado 14600 imágenes nuevas...
Se han procesado 14700 imágenes nuevas...
Se han procesado 14800 imágenes nuevas...
Se han procesado 14900 imágenes nuevas...
Se han procesado 15000 imágenes nuevas...
Se han procesado 15100 imágenes nuevas...
Se han procesado 15200 imágenes nuevas...
Se han procesado 15300 imágenes nuevas...
Se han procesado 15400 imágenes nuevas...
Se han procesado 15500 imágenes nuevas...
Se han procesado 15600 imágenes nuevas...
Se han procesado 15700 imágenes nuevas...
Se han procesado 15800 imágenes nuevas...
Se han procesado 15900 imágenes nuevas...
Se han procesado 16000 imágenes nuevas...
Guardado parcial en data_blip2SDXL.csv
Se han procesado 16100 imágenes nuevas...
Se han procesado 16200 imágenes nuevas...
Se han procesado 16300 imágenes nuevas...
Se han procesado 16400 imágenes nuevas...
Se han procesado 16500 imágenes nuevas...
Se han procesado 16600 imágenes nuevas...
Se han procesado 16700 imágenes nuevas...
Se han procesado 16800 imágenes nuevas...
Se han procesado 16900 imágenes nuevas...
Se han procesado 17000 imágenes nuevas...
Se han procesado 17100 imágenes nuevas...
Se han procesado 17200 imágenes nuevas...
Se han procesado 17300 imágenes nuevas...
Se han procesado 17400 imágenes nuevas...
Se han procesado 17500 imágenes nuevas...
Se han procesado 17600 imágenes nuevas...
Se han procesado 17700 imágenes nuevas...
Se han procesado 17800 imágenes nuevas...
Se han procesado 17900 imágenes nuevas...
Se han procesado 18000 imágenes nuevas...
Guardado parcial en data_blip2SDXL.csv
Se han procesado 18100 imágenes nuevas...
Se han procesado 18200 imágenes nuevas...
Se han procesado 18300 imágenes nuevas...
Se han procesado 18400 imágenes nuevas...
Se han procesado 18500 imágenes nuevas...
Se han procesado 18600 imágenes nuevas...
Se han procesado 18700 imágenes nuevas...
Se han procesado 18800 imágenes nuevas...
Se han procesado 18900 imágenes nuevas...
Se han procesado 19000 imágenes nuevas...
Se han procesado 19100 imágenes nuevas...
Se han procesado 19200 imágenes nuevas...
Se han procesado 19300 imágenes nuevas...
Se han procesado 19400 imágenes nuevas...
Se han procesado 19500 imágenes nuevas...
Se han procesado 19600 imágenes nuevas...
Se han procesado 19700 imágenes nuevas...
Se han procesado 19800 imágenes nuevas...
Se han procesado 19900 imágenes nuevas...
Se han procesado 20000 imágenes nuevas...
Guardado parcial en data_blip2SDXL.csv
Se han procesado 20100 imágenes nuevas...
Se han procesado 20200 imágenes nuevas...
Se han procesado 20300 imágenes nuevas...
Se han procesado 20400 imágenes nuevas...
Se han procesado 20500 imágenes nuevas...
Se han procesado 20600 imágenes nuevas...
Se han procesado 20700 imágenes nuevas...
Se han procesado 20800 imágenes nuevas...
Se han procesado 20900 imágenes nuevas...
Se han procesado 21000 imágenes nuevas...
Se han procesado 21100 imágenes nuevas...
Se han procesado 21200 imágenes nuevas...
Se han procesado 21300 imágenes nuevas...
Se han procesado 21400 imágenes nuevas...
Se han procesado 21500 imágenes nuevas...
Se han procesado 21600 imágenes nuevas...
Se han procesado 21700 imágenes nuevas...
Se han procesado 21800 imágenes nuevas...
Se han procesado 21900 imágenes nuevas...
Se han procesado 22000 imágenes nuevas...
Guardado parcial en data_blip2SDXL.csv
Se han procesado 22100 imágenes nuevas...
Se han procesado 22200 imágenes nuevas...
Se han procesado 22300 imágenes nuevas...
Se han procesado 22400 imágenes nuevas...
Se han procesado 22500 imágenes nuevas...
Se han procesado 22600 imágenes nuevas...
Se han procesado 22700 imágenes nuevas...
Se han procesado 22800 imágenes nuevas...
Se han procesado 22900 imágenes nuevas...
Se han procesado 23000 imágenes nuevas...
Se han procesado 23100 imágenes nuevas...
Se han procesado 23200 imágenes nuevas...
Se han procesado 23300 imágenes nuevas...
Se han procesado 23400 imágenes nuevas...
Se han procesado 23500 imágenes nuevas...
Se han procesado 23600 imágenes nuevas...
Se han procesado 23700 imágenes nuevas...
Se han procesado 23800 imágenes nuevas...
Se han procesado 23900 imágenes nuevas...
Se han procesado 24000 imágenes nuevas...
Guardado parcial en data_blip2SDXL.csv
Se han procesado 24100 imágenes nuevas...
Se han procesado 24200 imágenes nuevas...
Se han procesado 24300 imágenes nuevas...
Se han procesado 24400 imágenes nuevas...
Se han procesado 24500 imágenes nuevas...
Se han procesado 24600 imágenes nuevas...
Se han procesado 24700 imágenes nuevas...
Se han procesado 24800 imágenes nuevas...
Se han procesado 24900 imágenes nuevas...
Se han procesado 25000 imágenes nuevas...
Se han procesado 25100 imágenes nuevas...
Se han procesado 25200 imágenes nuevas...
Se han procesado 25300 imágenes nuevas...
Se han procesado 25400 imágenes nuevas...
Se han procesado 25500 imágenes nuevas...
Se han procesado 25600 imágenes nuevas...
Se han procesado 25700 imágenes nuevas...
Se han procesado 25800 imágenes nuevas...
Se han procesado 25900 imágenes nuevas...
Se han procesado 26000 imágenes nuevas...
Guardado parcial en data_blip2SDXL.csv
Se han procesado 26100 imágenes nuevas...
Se han procesado 26200 imágenes nuevas...
Se han procesado 26300 imágenes nuevas...
Se han procesado 26400 imágenes nuevas...
Se han procesado 26500 imágenes nuevas...
Se han procesado 26600 imágenes nuevas...
Se han procesado 26700 imágenes nuevas...
Se han procesado 26800 imágenes nuevas...
Se han procesado 26900 imágenes nuevas...
Se han procesado 27000 imágenes nuevas...
Se han procesado 27100 imágenes nuevas...
Se han procesado 27200 imágenes nuevas...
Se han procesado 27300 imágenes nuevas...
Se han procesado 27400 imágenes nuevas...
Se han procesado 27500 imágenes nuevas...
Se han procesado 27600 imágenes nuevas...
Se han procesado 27700 imágenes nuevas...
Se han procesado 27800 imágenes nuevas...
Se han procesado 27900 imágenes nuevas...
Se han procesado 28000 imágenes nuevas...
Guardado parcial en data_blip2SDXL.csv
Se han procesado 28100 imágenes nuevas...
Se han procesado 28200 imágenes nuevas...
Se han procesado 28300 imágenes nuevas...
Se han procesado 28400 imágenes nuevas...
Se han procesado 28500 imágenes nuevas...
Se han procesado 28600 imágenes nuevas...
Se han procesado 28700 imágenes nuevas...
Se han procesado 28800 imágenes nuevas...
Se han procesado 28900 imágenes nuevas...
Se han procesado 29000 imágenes nuevas...
Se han procesado 29100 imágenes nuevas...
Se han procesado 29200 imágenes nuevas...
Se han procesado 29300 imágenes nuevas...
Se han procesado 29400 imágenes nuevas...
Se han procesado 29500 imágenes nuevas...
Se han procesado 29600 imágenes nuevas...
Se han procesado 29700 imágenes nuevas...
Se han procesado 29800 imágenes nuevas...
Se han procesado 29900 imágenes nuevas...
Se han procesado 30000 imágenes nuevas...
Guardado parcial en data_blip2SDXL.csv
Se han procesado 30100 imágenes nuevas...
Se han procesado 30200 imágenes nuevas...
Se han procesado 30300 imágenes nuevas...
Se han procesado 30400 imágenes nuevas...
Se han procesado 30500 imágenes nuevas...
Se han procesado 30600 imágenes nuevas...
Se han procesado 30700 imágenes nuevas...
Se han procesado 30800 imágenes nuevas...
Se han procesado 30900 imágenes nuevas...
Se han procesado 31000 imágenes nuevas...
Se han procesado 31100 imágenes nuevas...
Se han procesado 31200 imágenes nuevas...
Se han procesado 31300 imágenes nuevas...
Se han procesado 31400 imágenes nuevas...
Se han procesado 31500 imágenes nuevas...
Se han procesado 31600 imágenes nuevas...
Se han procesado 31700 imágenes nuevas...
Se han procesado 31800 imágenes nuevas...
Se han procesado 31900 imágenes nuevas...
Se han procesado 32000 imágenes nuevas...
Guardado parcial en data_blip2SDXL.csv
Se han procesado 32100 imágenes nuevas...
Se han procesado 32200 imágenes nuevas...
Se han procesado 32300 imágenes nuevas...
Se han procesado 32400 imágenes nuevas...
Se han procesado 32500 imágenes nuevas...
Se han procesado 32600 imágenes nuevas...
Se han procesado 32700 imágenes nuevas...
Se han procesado 32800 imágenes nuevas...
Se han procesado 32900 imágenes nuevas...
Se han procesado 33000 imágenes nuevas...
Se han procesado 33100 imágenes nuevas...
Se han procesado 33200 imágenes nuevas...
Se han procesado 33300 imágenes nuevas...
Se han procesado 33400 imágenes nuevas...
Se han procesado 33500 imágenes nuevas...
Se han procesado 33600 imágenes nuevas...
Se han procesado 33700 imágenes nuevas...
Se han procesado 33800 imágenes nuevas...
Se han procesado 33900 imágenes nuevas...
Se han procesado 34000 imágenes nuevas...
Guardado parcial en data_blip2SDXL.csv
Se han procesado 34100 imágenes nuevas...
Se han procesado 34200 imágenes nuevas...
Se han procesado 34300 imágenes nuevas...
Se han procesado 34400 imágenes nuevas...
Se han procesado 34500 imágenes nuevas...
Se han procesado 34600 imágenes nuevas...
Se han procesado 34700 imágenes nuevas...
Se han procesado 34800 imágenes nuevas...
Se han procesado 34900 imágenes nuevas...
Se han procesado 35000 imágenes nuevas...
Se han procesado 35100 imágenes nuevas...
Se han procesado 35200 imágenes nuevas...
Se han procesado 35300 imágenes nuevas...
Se han procesado 35400 imágenes nuevas...
Se han procesado 35500 imágenes nuevas...
Se han procesado 35600 imágenes nuevas...
Se han procesado 35700 imágenes nuevas...
Se han procesado 35800 imágenes nuevas...
Se han procesado 35900 imágenes nuevas...
Se han procesado 36000 imágenes nuevas...
Guardado parcial en data_blip2SDXL.csv
Se han procesado 36100 imágenes nuevas...
Se han procesado 36200 imágenes nuevas...
Se han procesado 36300 imágenes nuevas...
Se han procesado 36400 imágenes nuevas...
Se han procesado 36500 imágenes nuevas...
Se han procesado 36600 imágenes nuevas...
Se han procesado 36700 imágenes nuevas...
Se han procesado 36800 imágenes nuevas...
Se han procesado 36900 imágenes nuevas...
Se han procesado 37000 imágenes nuevas...
Se han procesado 37100 imágenes nuevas...
Se han procesado 37200 imágenes nuevas...
Se han procesado 37300 imágenes nuevas...
Se han procesado 37400 imágenes nuevas...
Se han procesado 37500 imágenes nuevas...
Se han procesado 37600 imágenes nuevas...
Se han procesado 37700 imágenes nuevas...
Se han procesado 37800 imágenes nuevas...
Se han procesado 37900 imágenes nuevas...
Se han procesado 38000 imágenes nuevas...
Guardado parcial en data_blip2SDXL.csv
Se han procesado 38100 imágenes nuevas...
Se han procesado 38200 imágenes nuevas...
Se han procesado 38300 imágenes nuevas...
Se han procesado 38400 imágenes nuevas...
Se han procesado 38500 imágenes nuevas...
Se han procesado 38600 imágenes nuevas...
Se han procesado 38700 imágenes nuevas...
Se han procesado 38800 imágenes nuevas...
Se han procesado 38900 imágenes nuevas...
Se han procesado 39000 imágenes nuevas...
Se han procesado 39100 imágenes nuevas...
Se han procesado 39200 imágenes nuevas...
Se han procesado 39300 imágenes nuevas...
Se han procesado 39400 imágenes nuevas...
Se han procesado 39500 imágenes nuevas...
Se han procesado 39600 imágenes nuevas...
Se han procesado 39700 imágenes nuevas...
Se han procesado 39800 imágenes nuevas...
Se han procesado 39900 imágenes nuevas...
Se han procesado 40000 imágenes nuevas...
Guardado parcial en data_blip2SDXL.csv
Se han procesado 40100 imágenes nuevas...
Se han procesado 40200 imágenes nuevas...
Se han procesado 40300 imágenes nuevas...
Se han procesado 40400 imágenes nuevas...
Se han procesado 40500 imágenes nuevas...
Se han procesado 40600 imágenes nuevas...
Se han procesado 40700 imágenes nuevas...
Se han procesado 40800 imágenes nuevas...
Se han procesado 40900 imágenes nuevas...
Se han procesado 41000 imágenes nuevas...
Se han procesado 41100 imágenes nuevas...
Se han procesado 41200 imágenes nuevas...
Se han procesado 41300 imágenes nuevas...
Se han procesado 41400 imágenes nuevas...
Se han procesado 41500 imágenes nuevas...
Se han procesado 41600 imágenes nuevas...
Se han procesado 41700 imágenes nuevas...
Se han procesado 41800 imágenes nuevas...
Se han procesado 41900 imágenes nuevas...
Se han procesado 42000 imágenes nuevas...
Guardado parcial en data_blip2SDXL.csv
Se han procesado 42100 imágenes nuevas...
Se han procesado 42200 imágenes nuevas...
Se han procesado 42300 imágenes nuevas...
Se han procesado 42400 imágenes nuevas...
Se han procesado 42500 imágenes nuevas...
Se han procesado 42600 imágenes nuevas...
Se han procesado 42700 imágenes nuevas...
Se han procesado 42800 imágenes nuevas...
Se han procesado 42900 imágenes nuevas...
Se han procesado 43000 imágenes nuevas...
Se han procesado 43100 imágenes nuevas...
Se han procesado 43200 imágenes nuevas...
Se han procesado 43300 imágenes nuevas...
Se han procesado 43400 imágenes nuevas...
Se han procesado 43500 imágenes nuevas...
Se han procesado 43600 imágenes nuevas...
Se han procesado 43700 imágenes nuevas...
Se han procesado 43800 imágenes nuevas...
Se han procesado 43900 imágenes nuevas...
Se han procesado 44000 imágenes nuevas...
Guardado parcial en data_blip2SDXL.csv
Se han procesado 44100 imágenes nuevas...
Se han procesado 44200 imágenes nuevas...
Se han procesado 44300 imágenes nuevas...
Se han procesado 44400 imágenes nuevas...
Se han procesado 44500 imágenes nuevas...
Se han procesado 44600 imágenes nuevas...
Se han procesado 44700 imágenes nuevas...
Se han procesado 44800 imágenes nuevas...
Se han procesado 44900 imágenes nuevas...
Se han procesado 45000 imágenes nuevas...
Se han procesado 45100 imágenes nuevas...
Se han procesado 45200 imágenes nuevas...
Se han procesado 45300 imágenes nuevas...
Se han procesado 45400 imágenes nuevas...
Se han procesado 45500 imágenes nuevas...
Se han procesado 45600 imágenes nuevas...
Se han procesado 45700 imágenes nuevas...
Se han procesado 45800 imágenes nuevas...
Se han procesado 45900 imágenes nuevas...
Se han procesado 46000 imágenes nuevas...
Guardado parcial en data_blip2SDXL.csv
Se han procesado 46100 imágenes nuevas...
Se han procesado 46200 imágenes nuevas...
Se han procesado 46300 imágenes nuevas...
Se han procesado 46400 imágenes nuevas...
Se han procesado 46500 imágenes nuevas...
Se han procesado 46600 imágenes nuevas...
Se han procesado 46700 imágenes nuevas...
Se han procesado 46800 imágenes nuevas...
Se han procesado 46900 imágenes nuevas...
Se han procesado 47000 imágenes nuevas...
Se han procesado 47100 imágenes nuevas...
Se han procesado 47200 imágenes nuevas...
Se han procesado 47300 imágenes nuevas...
Se han procesado 47400 imágenes nuevas...
Se han procesado 47500 imágenes nuevas...
Se han procesado 47600 imágenes nuevas...
Se han procesado 47700 imágenes nuevas...
Se han procesado 47800 imágenes nuevas...
Se han procesado 47900 imágenes nuevas...
Se han procesado 48000 imágenes nuevas...
Guardado parcial en data_blip2SDXL.csv
Se han procesado 48100 imágenes nuevas...
Se han procesado 48200 imágenes nuevas...
Se han procesado 48300 imágenes nuevas...
Se han procesado 48400 imágenes nuevas...
Se han procesado 48500 imágenes nuevas...
Se han procesado 48600 imágenes nuevas...
Se han procesado 48700 imágenes nuevas...
Se han procesado 48800 imágenes nuevas...
Se han procesado 48900 imágenes nuevas...
Se han procesado 49000 imágenes nuevas...
Se han procesado 49100 imágenes nuevas...
Se han procesado 49200 imágenes nuevas...
Se han procesado 49300 imágenes nuevas...
Se han procesado 49400 imágenes nuevas...
Se han procesado 49500 imágenes nuevas...
Se han procesado 49600 imágenes nuevas...
Se han procesado 49700 imágenes nuevas...
Se han procesado 49800 imágenes nuevas...
Se han procesado 49900 imágenes nuevas...
Se han procesado 50000 imágenes nuevas...
Guardado parcial en data_blip2SDXL.csv
Se han procesado 50100 imágenes nuevas...
Se han procesado 50200 imágenes nuevas...
Se han procesado 50300 imágenes nuevas...
Se han procesado 50400 imágenes nuevas...
Se han procesado 50500 imágenes nuevas...
Se han procesado 50600 imágenes nuevas...
Se han procesado 50700 imágenes nuevas...
Se han procesado 50800 imágenes nuevas...
Se han procesado 50900 imágenes nuevas...
Se han procesado 51000 imágenes nuevas...
Se han procesado 51100 imágenes nuevas...
Se han procesado 51200 imágenes nuevas...
Se han procesado 51300 imágenes nuevas...
Se han procesado 51400 imágenes nuevas...
Se han procesado 51500 imágenes nuevas...
Se han procesado 51600 imágenes nuevas...
Se han procesado 51700 imágenes nuevas...
Se han procesado 51800 imágenes nuevas...
Se han procesado 51900 imágenes nuevas...
Se han procesado 52000 imágenes nuevas...
Guardado parcial en data_blip2SDXL.csv
Se han procesado 52100 imágenes nuevas...
Se han procesado 52200 imágenes nuevas...
Se han procesado 52300 imágenes nuevas...
Se han procesado 52400 imágenes nuevas...
Se han procesado 52500 imágenes nuevas...
Se han procesado 52600 imágenes nuevas...
Se han procesado 52700 imágenes nuevas...
Se han procesado 52800 imágenes nuevas...
Se han procesado 52900 imágenes nuevas...
Se han procesado 53000 imágenes nuevas...
Se han procesado 53100 imágenes nuevas...
Se han procesado 53200 imágenes nuevas...
Se han procesado 53300 imágenes nuevas...
Se han procesado 53400 imágenes nuevas...
Se han procesado 53500 imágenes nuevas...
Se han procesado 53600 imágenes nuevas...
Se han procesado 53700 imágenes nuevas...
Se han procesado 53800 imágenes nuevas...
Se han procesado 53900 imágenes nuevas...
Se han procesado 54000 imágenes nuevas...
Guardado parcial en data_blip2SDXL.csv
Se han procesado 54100 imágenes nuevas...
Se han procesado 54200 imágenes nuevas...
Se han procesado 54300 imágenes nuevas...
Se han procesado 54400 imágenes nuevas...
Se han procesado 54500 imágenes nuevas...
Se han procesado 54600 imágenes nuevas...
Se han procesado 54700 imágenes nuevas...
Se han procesado 54800 imágenes nuevas...
Se han procesado 54900 imágenes nuevas...
Se han procesado 55000 imágenes nuevas...
Se han procesado 55100 imágenes nuevas...
Se han procesado 55200 imágenes nuevas...
Se han procesado 55300 imágenes nuevas...
Se han procesado 55400 imágenes nuevas...
Se han procesado 55500 imágenes nuevas...
Se han procesado 55600 imágenes nuevas...
Se han procesado 55700 imágenes nuevas...
Se han procesado 55800 imágenes nuevas...
Se han procesado 55900 imágenes nuevas...
Se han procesado 56000 imágenes nuevas...
Guardado parcial en data_blip2SDXL.csv
Se han procesado 56100 imágenes nuevas...
Se han procesado 56200 imágenes nuevas...
Se han procesado 56300 imágenes nuevas...
Se han procesado 56400 imágenes nuevas...
Se han procesado 56500 imágenes nuevas...
Se han procesado 56600 imágenes nuevas...
Se han procesado 56700 imágenes nuevas...
Se han procesado 56800 imágenes nuevas...
Se han procesado 56900 imágenes nuevas...
Se han procesado 57000 imágenes nuevas...
Se han procesado 57100 imágenes nuevas...
Se han procesado 57200 imágenes nuevas...
Se han procesado 57300 imágenes nuevas...
Se han procesado 57400 imágenes nuevas...
Se han procesado 57500 imágenes nuevas...
Se han procesado 57600 imágenes nuevas...
Se han procesado 57700 imágenes nuevas...
Se han procesado 57800 imágenes nuevas...
Se han procesado 57900 imágenes nuevas...
Se han procesado 58000 imágenes nuevas...
Guardado parcial en data_blip2SDXL.csv
Se han procesado 58100 imágenes nuevas...
Se han procesado 58200 imágenes nuevas...
Se han procesado 58300 imágenes nuevas...
Se han procesado 58400 imágenes nuevas...
Se han procesado 58500 imágenes nuevas...
Se han procesado 58600 imágenes nuevas...
Se han procesado 58700 imágenes nuevas...
Se han procesado 58800 imágenes nuevas...
Se han procesado 58900 imágenes nuevas...
Se han procesado 59000 imágenes nuevas...
Se han procesado 59100 imágenes nuevas...
Se han procesado 59200 imágenes nuevas...
Se han procesado 59300 imágenes nuevas...
Se han procesado 59400 imágenes nuevas...
Se han procesado 59500 imágenes nuevas...
Se han procesado 59600 imágenes nuevas...
Se han procesado 59700 imágenes nuevas...
Se han procesado 59800 imágenes nuevas...
Se han procesado 59900 imágenes nuevas...
Se han procesado 60000 imágenes nuevas...
Guardado parcial en data_blip2SDXL.csv
Se han procesado 60100 imágenes nuevas...
Se han procesado 60200 imágenes nuevas...
Se han procesado 60300 imágenes nuevas...
Se han procesado 60400 imágenes nuevas...
Se han procesado 60500 imágenes nuevas...
Se han procesado 60600 imágenes nuevas...
Se han procesado 60700 imágenes nuevas...
Se han procesado 60800 imágenes nuevas...
Se han procesado 60900 imágenes nuevas...
Se han procesado 61000 imágenes nuevas...
Se han procesado 61100 imágenes nuevas...
Se han procesado 61200 imágenes nuevas...
Se han procesado 61300 imágenes nuevas...
Se han procesado 61400 imágenes nuevas...
Se han procesado 61500 imágenes nuevas...
Se han procesado 61600 imágenes nuevas...
Se han procesado 61700 imágenes nuevas...
Se han procesado 61800 imágenes nuevas...
Se han procesado 61900 imágenes nuevas...
Se han procesado 62000 imágenes nuevas...
Guardado parcial en data_blip2SDXL.csv
Se han procesado 62100 imágenes nuevas...
Se han procesado 62200 imágenes nuevas...
Se han procesado 62300 imágenes nuevas...
Se han procesado 62400 imágenes nuevas...
Se han procesado 62500 imágenes nuevas...
Se han procesado 62600 imágenes nuevas...
Se han procesado 62700 imágenes nuevas...
Se han procesado 62800 imágenes nuevas...
Se han procesado 62900 imágenes nuevas...
Se han procesado 63000 imágenes nuevas...
Se han procesado 63100 imágenes nuevas...
Se han procesado 63200 imágenes nuevas...
Se han procesado 63300 imágenes nuevas...
Se han procesado 63400 imágenes nuevas...
Se han procesado 63500 imágenes nuevas...
Se han procesado 63600 imágenes nuevas...
Se han procesado 63700 imágenes nuevas...
Se han procesado 63800 imágenes nuevas...
Se han procesado 63900 imágenes nuevas...
Se han procesado 64000 imágenes nuevas...
Guardado parcial en data_blip2SDXL.csv
Se han procesado 64100 imágenes nuevas...
Se han procesado 64200 imágenes nuevas...
Se han procesado 64300 imágenes nuevas...
Se han procesado 64400 imágenes nuevas...
Se han procesado 64500 imágenes nuevas...
Se han procesado 64600 imágenes nuevas...
Se han procesado 64700 imágenes nuevas...
Se han procesado 64800 imágenes nuevas...
Se han procesado 64900 imágenes nuevas...
Se han procesado 65000 imágenes nuevas...
Se han procesado 65100 imágenes nuevas...
Se han procesado 65200 imágenes nuevas...
Se han procesado 65300 imágenes nuevas...
Se han procesado 65400 imágenes nuevas...
Se han procesado 65500 imágenes nuevas...
Se han procesado 65600 imágenes nuevas...
Se han procesado 65700 imágenes nuevas...
Se han procesado 65800 imágenes nuevas...
Se han procesado 65900 imágenes nuevas...
Se han procesado 66000 imágenes nuevas...
Guardado parcial en data_blip2SDXL.csv
Se han procesado 66100 imágenes nuevas...
Se han procesado 66200 imágenes nuevas...
Se han procesado 66300 imágenes nuevas...
Se han procesado 66400 imágenes nuevas...
Se han procesado 66500 imágenes nuevas...
Se han procesado 66600 imágenes nuevas...
Se han procesado 66700 imágenes nuevas...
Se han procesado 66800 imágenes nuevas...
Se han procesado 66900 imágenes nuevas...
Se han procesado 67000 imágenes nuevas...
Se han procesado 67100 imágenes nuevas...
Se han procesado 67200 imágenes nuevas...
Se han procesado 67300 imágenes nuevas...
Se han procesado 67400 imágenes nuevas...
Se han procesado 67500 imágenes nuevas...
Se han procesado 67600 imágenes nuevas...
Se han procesado 67700 imágenes nuevas...
Se han procesado 67800 imágenes nuevas...
Se han procesado 67900 imágenes nuevas...
Se han procesado 68000 imágenes nuevas...
Guardado parcial en data_blip2SDXL.csv
Se han procesado 68100 imágenes nuevas...
Se han procesado 68200 imágenes nuevas...
Se han procesado 68300 imágenes nuevas...
Se han procesado 68400 imágenes nuevas...
Se han procesado 68500 imágenes nuevas...
Se han procesado 68600 imágenes nuevas...
Se han procesado 68700 imágenes nuevas...
Se han procesado 68800 imágenes nuevas...
Se han procesado 68900 imágenes nuevas...
Se han procesado 69000 imágenes nuevas...
Se han procesado 69100 imágenes nuevas...
Se han procesado 69200 imágenes nuevas...
Se han procesado 69300 imágenes nuevas...
Se han procesado 69400 imágenes nuevas...
Se han procesado 69500 imágenes nuevas...
Se han procesado 69600 imágenes nuevas...
Se han procesado 69700 imágenes nuevas...
Se han procesado 69800 imágenes nuevas...
Se han procesado 69900 imágenes nuevas...
Se han procesado 70000 imágenes nuevas...
Guardado parcial en data_blip2SDXL.csv
Se han procesado 70100 imágenes nuevas...
Se han procesado 70200 imágenes nuevas...
Se han procesado 70300 imágenes nuevas...
Se han procesado 70400 imágenes nuevas...
Se han procesado 70500 imágenes nuevas...
Se han procesado 70600 imágenes nuevas...
Se han procesado 70700 imágenes nuevas...
Se han procesado 70800 imágenes nuevas...
Se han procesado 70900 imágenes nuevas...
Se han procesado 71000 imágenes nuevas...
Se han procesado 71100 imágenes nuevas...
Se han procesado 71200 imágenes nuevas...
Se han procesado 71300 imágenes nuevas...
Se han procesado 71400 imágenes nuevas...
Se han procesado 71500 imágenes nuevas...
Se han procesado 71600 imágenes nuevas...
Se han procesado 71700 imágenes nuevas...
Se han procesado 71800 imágenes nuevas...
Se han procesado 71900 imágenes nuevas...
Se han procesado 72000 imágenes nuevas...
Guardado parcial en data_blip2SDXL.csv
Se han procesado 72100 imágenes nuevas...
Se han procesado 72200 imágenes nuevas...
Se han procesado 72300 imágenes nuevas...
Se han procesado 72400 imágenes nuevas...
Se han procesado 72500 imágenes nuevas...
Se han procesado 72600 imágenes nuevas...
Se han procesado 72700 imágenes nuevas...
Se han procesado 72800 imágenes nuevas...
Se han procesado 72900 imágenes nuevas...
Se han procesado 73000 imágenes nuevas...
Se han procesado 73100 imágenes nuevas...
Se han procesado 73200 imágenes nuevas...
Se han procesado 73300 imágenes nuevas...
Se han procesado 73400 imágenes nuevas...
Se han procesado 73500 imágenes nuevas...
Se han procesado 73600 imágenes nuevas...
Se han procesado 73700 imágenes nuevas...
Se han procesado 73800 imágenes nuevas...
Se han procesado 73900 imágenes nuevas...
Se han procesado 74000 imágenes nuevas...
Guardado parcial en data_blip2SDXL.csv
Se han procesado 74100 imágenes nuevas...
Se han procesado 74200 imágenes nuevas...
Se han procesado 74300 imágenes nuevas...
Se han procesado 74400 imágenes nuevas...
Se han procesado 74500 imágenes nuevas...
Se han procesado 74600 imágenes nuevas...
Se han procesado 74700 imágenes nuevas...
Se han procesado 74800 imágenes nuevas...
Se han procesado 74900 imágenes nuevas...
Se han procesado 75000 imágenes nuevas...
Se han procesado 75100 imágenes nuevas...
Se han procesado 75200 imágenes nuevas...
Se han procesado 75300 imágenes nuevas...
Se han procesado 75400 imágenes nuevas...
Se han procesado 75500 imágenes nuevas...
Se han procesado 75600 imágenes nuevas...
Se han procesado 75700 imágenes nuevas...
Se han procesado 75800 imágenes nuevas...
Se han procesado 75900 imágenes nuevas...
Se han procesado 76000 imágenes nuevas...
Guardado parcial en data_blip2SDXL.csv
Se han procesado 76100 imágenes nuevas...
Se han procesado 76200 imágenes nuevas...
Se han procesado 76300 imágenes nuevas...
Se han procesado 76400 imágenes nuevas...
Se han procesado 76500 imágenes nuevas...
Se han procesado 76600 imágenes nuevas...
Se han procesado 76700 imágenes nuevas...
Se han procesado 76800 imágenes nuevas...
Se han procesado 76900 imágenes nuevas...
Se han procesado 77000 imágenes nuevas...
Se han procesado 77100 imágenes nuevas...
Se han procesado 77200 imágenes nuevas...
Se han procesado 77300 imágenes nuevas...
Se han procesado 77400 imágenes nuevas...
Se han procesado 77500 imágenes nuevas...
Se han procesado 77600 imágenes nuevas...
Se han procesado 77700 imágenes nuevas...
Se han procesado 77800 imágenes nuevas...
Se han procesado 77900 imágenes nuevas...
Se han procesado 78000 imágenes nuevas...
Guardado parcial en data_blip2SDXL.csv
Se han procesado 78100 imágenes nuevas...
Se han procesado 78200 imágenes nuevas...
Se han procesado 78300 imágenes nuevas...
Se han procesado 78400 imágenes nuevas...
Se han procesado 78500 imágenes nuevas...
Se han procesado 78600 imágenes nuevas...
Se han procesado 78700 imágenes nuevas...
Se han procesado 78800 imágenes nuevas...
Se han procesado 78900 imágenes nuevas...
Se han procesado 79000 imágenes nuevas...
Se han procesado 79100 imágenes nuevas...
Se han procesado 79200 imágenes nuevas...
Se han procesado 79300 imágenes nuevas...
Se han procesado 79400 imágenes nuevas...
Se han procesado 79500 imágenes nuevas...
Se han procesado 79600 imágenes nuevas...
Se han procesado 79700 imágenes nuevas...
Se han procesado 79800 imágenes nuevas...
Se han procesado 79900 imágenes nuevas...
Se han procesado 80000 imágenes nuevas...
Guardado parcial en data_blip2SDXL.csv
Se han procesado 80100 imágenes nuevas...
Se han procesado 80200 imágenes nuevas...
Se han procesado 80300 imágenes nuevas...
Se han procesado 80400 imágenes nuevas...
Se han procesado 80500 imágenes nuevas...
Se han procesado 80600 imágenes nuevas...
Se han procesado 80700 imágenes nuevas...
Se han procesado 80800 imágenes nuevas...
Se han procesado 80900 imágenes nuevas...
Se han procesado 81000 imágenes nuevas...
Se han procesado 81100 imágenes nuevas...
Se han procesado 81200 imágenes nuevas...
Se han procesado 81300 imágenes nuevas...
Se han procesado 81400 imágenes nuevas...

Procesamiento completado y guardado en data_blip2SDXL.csv

Tiempo total: 24656.20 segundos.
